{
  "RSpec": {
    "coverage": {
      "/Users/yaroslavayates/Documents/Projects/bookmarks/app.rb": {
        "lines": [
          1,
          1,
          1,
          null,
          1,
          1,
          0,
          null,
          null,
          1,
          3,
          3,
          null,
          null,
          1,
          1,
          1,
          null,
          null,
          1,
          null
        ]
      },
      "/Users/yaroslavayates/Documents/Projects/bookmarks/lib/bookmark.rb": {
        "lines": [
          1,
          null,
          1,
          null,
          1,
          5,
          5,
          null,
          0,
          null,
          null,
          5,
          13,
          null,
          null,
          1,
          5,
          5,
          null,
          0,
          null,
          null,
          5,
          null,
          null,
          null
        ]
      },
      "/Users/yaroslavayates/Documents/Projects/bookmarks/spec/bookmark_spec.rb": {
        "lines": [
          1,
          null,
          1,
          null,
          1,
          null,
          1,
          null,
          1,
          1,
          1,
          null,
          1,
          null,
          1,
          1,
          1,
          null,
          null,
          null,
          null,
          null,
          1,
          1,
          1,
          null,
          1,
          null,
          1,
          null,
          null,
          null,
          null
        ]
      },
      "/Users/yaroslavayates/Documents/Projects/bookmarks/spec/features/add_bookmarks_spec.rb": {
        "lines": [
          1,
          1,
          1,
          1,
          1,
          1,
          null,
          null
        ]
      },
      "/Users/yaroslavayates/Documents/Projects/bookmarks/spec/features/print_bookmarks_spec.rb": {
        "lines": [
          1,
          1,
          1,
          null,
          1,
          1,
          1,
          null,
          1,
          null,
          1,
          1,
          1,
          null,
          null
        ]
      }
    },
    "timestamp": 1652200989
  }
}
